<?xml version="1.0" encoding="UTF-8"?>
<!-- Generated by org.testng.reporters.JUnitReportReporter -->
<testsuite hostname="Mark-David.local" failures="0" tests="2" name="TestNG.Day2" time="0.002" errors="0" timestamp="2025-06-17T00:29:14 PST" skipped="0">
  <testcase classname="TestNG.Day2" name="beta2" time="0.001"/>
  <system-out/>
  <testcase classname="TestNG.Day2" name="beta1" time="0.001"/>
  <system-out/>
</testsuite> <!-- TestNG.Day2 -->
