<?xml version="1.0" encoding="UTF-8"?>
<!-- Generated by org.testng.reporters.JUnitReportReporter -->
<testsuite hostname="Mark-David.local" failures="0" tests="2" name="Day1" time="0.010" errors="0" timestamp="2025-06-16T23:58:58 PST" skipped="0">
  <testcase classname="Day1" name="secondTest" time="0.001"/>
  <system-out/>
  <testcase classname="Day1" name="demo" time="0.009"/>
  <system-out/>
</testsuite> <!-- Day1 -->
