<?xml version="1.0" encoding="UTF-8"?>
<!-- Generated by org.testng.reporters.JUnitReportReporter -->
<testsuite hostname="Mark-David.local" failures="0" tests="1" name="TestNG.Day1" time="0.006" errors="0" timestamp="2025-06-17T00:40:35 PST" skipped="0">
  <testcase classname="TestNG.Day1" name="demo" time="0.006"/>
  <system-out/>
</testsuite> <!-- TestNG.Day1 -->
