<?xml version="1.0" encoding="UTF-8"?>
<!-- Generated by org.testng.reporters.JUnitReportReporter -->
<testsuite hostname="Mark-David.local" failures="0" tests="2" name="TestNG.Day3" time="0.001" errors="0" timestamp="2025-06-17T00:40:35 PST" skipped="0">
  <testcase classname="TestNG.Day3" name="alpha1" time="0.001"/>
  <system-out/>
  <testcase classname="TestNG.Day3" name="alpha2" time="0.000"/>
  <system-out/>
</testsuite> <!-- TestNG.Day3 -->
